<?xml version="1.0" encoding="UTF-8"?>
<!-- Generated by org.testng.reporters.JUnitReportReporter -->
<testsuite hostname="MILANDAS" failures="0" tests="1" name="com.testcases.loginApp" time="5.247" errors="0" timestamp="2023-07-29T20:34:32 IST" skipped="0">
  <testcase classname="com.testcases.loginApp" name="launchPage" time="5.247"/>
  <system-out/>
</testsuite> <!-- com.testcases.loginApp -->
